<?xml version="1.0" encoding="UTF-8"?>
<testsuite xmlns:xsi="http://www.w3.org/2001/XMLSchema-instance" xsi:noNamespaceSchemaLocation="https://maven.apache.org/surefire/maven-surefire-plugin/xsd/surefire-test-report-3.0.xsd" version="3.0" name="com.miempresa.camel.AppTest" time="0.021" tests="1" errors="0" skipped="0" failures="0">
  <properties>
    <property name="java.specification.version" value="23"/>
    <property name="sun.jnu.encoding" value="UTF-8"/>
    <property name="java.class.path" value="/Users/mateoavila/hola-mundo-camel/target/test-classes:/Users/mateoavila/hola-mundo-camel/target/classes:/Users/mateoavila/.m2/repository/org/apache/camel/camel-core/3.20.2/camel-core-3.20.2.jar:/Users/mateoavila/.m2/repository/org/apache/camel/camel-core-engine/3.20.2/camel-core-engine-3.20.2.jar:/Users/mateoavila/.m2/repository/org/apache/camel/camel-api/3.20.2/camel-api-3.20.2.jar:/Users/mateoavila/.m2/repository/org/apache/camel/camel-base-engine/3.20.2/camel-base-engine-3.20.2.jar:/Users/mateoavila/.m2/repository/org/apache/camel/camel-base/3.20.2/camel-base-3.20.2.jar:/Users/mateoavila/.m2/repository/org/apache/camel/camel-core-reifier/3.20.2/camel-core-reifier-3.20.2.jar:/Users/mateoavila/.m2/repository/org/apache/camel/camel-core-processor/3.20.2/camel-core-processor-3.20.2.jar:/Users/mateoavila/.m2/repository/org/apache/camel/camel-management-api/3.20.2/camel-management-api-3.20.2.jar:/Users/mateoavila/.m2/repository/org/apache/camel/camel-util/3.20.2/camel-util-3.20.2.jar:/Users/mateoavila/.m2/repository/org/apache/camel/camel-core-languages/3.20.2/camel-core-languages-3.20.2.jar:/Users/mateoavila/.m2/repository/org/apache/camel/camel-core-model/3.20.2/camel-core-model-3.20.2.jar:/Users/mateoavila/.m2/repository/org/apache/camel/camel-bean/3.20.2/camel-bean-3.20.2.jar:/Users/mateoavila/.m2/repository/org/apache/camel/camel-browse/3.20.2/camel-browse-3.20.2.jar:/Users/mateoavila/.m2/repository/org/apache/camel/camel-cluster/3.20.2/camel-cluster-3.20.2.jar:/Users/mateoavila/.m2/repository/org/apache/camel/camel-controlbus/3.20.2/camel-controlbus-3.20.2.jar:/Users/mateoavila/.m2/repository/org/apache/camel/camel-dataformat/3.20.2/camel-dataformat-3.20.2.jar:/Users/mateoavila/.m2/repository/org/apache/camel/camel-dataset/3.20.2/camel-dataset-3.20.2.jar:/Users/mateoavila/.m2/repository/org/apache/camel/camel-direct/3.20.2/camel-direct-3.20.2.jar:/Users/mateoavila/.m2/repository/org/apache/camel/camel-directvm/3.20.2/camel-directvm-3.20.2.jar:/Users/mateoavila/.m2/repository/org/apache/camel/camel-file/3.20.2/camel-file-3.20.2.jar:/Users/mateoavila/.m2/repository/org/apache/camel/camel-health/3.20.2/camel-health-3.20.2.jar:/Users/mateoavila/.m2/repository/org/apache/camel/camel-language/3.20.2/camel-language-3.20.2.jar:/Users/mateoavila/.m2/repository/org/apache/camel/camel-log/3.20.2/camel-log-3.20.2.jar:/Users/mateoavila/.m2/repository/org/apache/camel/camel-mock/3.20.2/camel-mock-3.20.2.jar:/Users/mateoavila/.m2/repository/org/apache/camel/camel-ref/3.20.2/camel-ref-3.20.2.jar:/Users/mateoavila/.m2/repository/org/apache/camel/camel-rest/3.20.2/camel-rest-3.20.2.jar:/Users/mateoavila/.m2/repository/org/apache/camel/camel-tooling-model/3.20.2/camel-tooling-model-3.20.2.jar:/Users/mateoavila/.m2/repository/org/apache/camel/camel-util-json/3.20.2/camel-util-json-3.20.2.jar:/Users/mateoavila/.m2/repository/org/apache/camel/camel-saga/3.20.2/camel-saga-3.20.2.jar:/Users/mateoavila/.m2/repository/org/apache/camel/camel-scheduler/3.20.2/camel-scheduler-3.20.2.jar:/Users/mateoavila/.m2/repository/org/apache/camel/camel-seda/3.20.2/camel-seda-3.20.2.jar:/Users/mateoavila/.m2/repository/org/apache/camel/camel-stub/3.20.2/camel-stub-3.20.2.jar:/Users/mateoavila/.m2/repository/org/apache/camel/camel-timer/3.20.2/camel-timer-3.20.2.jar:/Users/mateoavila/.m2/repository/org/apache/camel/camel-validator/3.20.2/camel-validator-3.20.2.jar:/Users/mateoavila/.m2/repository/org/apache/camel/camel-vm/3.20.2/camel-vm-3.20.2.jar:/Users/mateoavila/.m2/repository/org/apache/camel/camel-xpath/3.20.2/camel-xpath-3.20.2.jar:/Users/mateoavila/.m2/repository/org/apache/camel/camel-xslt/3.20.2/camel-xslt-3.20.2.jar:/Users/mateoavila/.m2/repository/org/apache/camel/camel-xml-jaxb/3.20.2/camel-xml-jaxb-3.20.2.jar:/Users/mateoavila/.m2/repository/jakarta/xml/bind/jakarta.xml.bind-api/2.3.3/jakarta.xml.bind-api-2.3.3.jar:/Users/mateoavila/.m2/repository/jakarta/activation/jakarta.activation-api/1.2.2/jakarta.activation-api-1.2.2.jar:/Users/mateoavila/.m2/repository/com/sun/xml/bind/jaxb-core/2.3.0/jaxb-core-2.3.0.jar:/Users/mateoavila/.m2/repository/com/sun/xml/bind/jaxb-impl/2.3.3/jaxb-impl-2.3.3.jar:/Users/mateoavila/.m2/repository/com/sun/activation/jakarta.activation/1.2.2/jakarta.activation-1.2.2.jar:/Users/mateoavila/.m2/repository/org/apache/camel/camel-xml-jaxp/3.20.2/camel-xml-jaxp-3.20.2.jar:/Users/mateoavila/.m2/repository/org/apache/camel/camel-xml-io-util/3.20.2/camel-xml-io-util-3.20.2.jar:/Users/mateoavila/.m2/repository/org/slf4j/slf4j-api/1.7.36/slf4j-api-1.7.36.jar:/Users/mateoavila/.m2/repository/org/apache/camel/camel-stream/3.20.2/camel-stream-3.20.2.jar:/Users/mateoavila/.m2/repository/org/apache/camel/camel-support/3.20.2/camel-support-3.20.2.jar:/Users/mateoavila/.m2/repository/junit/junit/3.8.1/junit-3.8.1.jar:"/>
    <property name="java.vm.vendor" value="Homebrew"/>
    <property name="sun.arch.data.model" value="64"/>
    <property name="java.vendor.url" value="https://github.com/Homebrew/homebrew-core/issues"/>
    <property name="os.name" value="Mac OS X"/>
    <property name="java.vm.specification.version" value="23"/>
    <property name="sun.java.launcher" value="SUN_STANDARD"/>
    <property name="user.country" value="EC"/>
    <property name="sun.boot.library.path" value="/opt/homebrew/Cellar/openjdk/23.0.1/libexec/openjdk.jdk/Contents/Home/lib"/>
    <property name="sun.java.command" value="/Users/mateoavila/hola-mundo-camel/target/surefire/surefirebooter-20250107200040774_3.jar /Users/mateoavila/hola-mundo-camel/target/surefire 2025-01-07T20-00-40_432-jvmRun1 surefire-20250107200040774_1tmp surefire_0-20250107200040774_2tmp"/>
    <property name="http.nonProxyHosts" value="local|*.local|169.254/16|*.169.254/16"/>
    <property name="jdk.debug" value="release"/>
    <property name="surefire.test.class.path" value="/Users/mateoavila/hola-mundo-camel/target/test-classes:/Users/mateoavila/hola-mundo-camel/target/classes:/Users/mateoavila/.m2/repository/org/apache/camel/camel-core/3.20.2/camel-core-3.20.2.jar:/Users/mateoavila/.m2/repository/org/apache/camel/camel-core-engine/3.20.2/camel-core-engine-3.20.2.jar:/Users/mateoavila/.m2/repository/org/apache/camel/camel-api/3.20.2/camel-api-3.20.2.jar:/Users/mateoavila/.m2/repository/org/apache/camel/camel-base-engine/3.20.2/camel-base-engine-3.20.2.jar:/Users/mateoavila/.m2/repository/org/apache/camel/camel-base/3.20.2/camel-base-3.20.2.jar:/Users/mateoavila/.m2/repository/org/apache/camel/camel-core-reifier/3.20.2/camel-core-reifier-3.20.2.jar:/Users/mateoavila/.m2/repository/org/apache/camel/camel-core-processor/3.20.2/camel-core-processor-3.20.2.jar:/Users/mateoavila/.m2/repository/org/apache/camel/camel-management-api/3.20.2/camel-management-api-3.20.2.jar:/Users/mateoavila/.m2/repository/org/apache/camel/camel-util/3.20.2/camel-util-3.20.2.jar:/Users/mateoavila/.m2/repository/org/apache/camel/camel-core-languages/3.20.2/camel-core-languages-3.20.2.jar:/Users/mateoavila/.m2/repository/org/apache/camel/camel-core-model/3.20.2/camel-core-model-3.20.2.jar:/Users/mateoavila/.m2/repository/org/apache/camel/camel-bean/3.20.2/camel-bean-3.20.2.jar:/Users/mateoavila/.m2/repository/org/apache/camel/camel-browse/3.20.2/camel-browse-3.20.2.jar:/Users/mateoavila/.m2/repository/org/apache/camel/camel-cluster/3.20.2/camel-cluster-3.20.2.jar:/Users/mateoavila/.m2/repository/org/apache/camel/camel-controlbus/3.20.2/camel-controlbus-3.20.2.jar:/Users/mateoavila/.m2/repository/org/apache/camel/camel-dataformat/3.20.2/camel-dataformat-3.20.2.jar:/Users/mateoavila/.m2/repository/org/apache/camel/camel-dataset/3.20.2/camel-dataset-3.20.2.jar:/Users/mateoavila/.m2/repository/org/apache/camel/camel-direct/3.20.2/camel-direct-3.20.2.jar:/Users/mateoavila/.m2/repository/org/apache/camel/camel-directvm/3.20.2/camel-directvm-3.20.2.jar:/Users/mateoavila/.m2/repository/org/apache/camel/camel-file/3.20.2/camel-file-3.20.2.jar:/Users/mateoavila/.m2/repository/org/apache/camel/camel-health/3.20.2/camel-health-3.20.2.jar:/Users/mateoavila/.m2/repository/org/apache/camel/camel-language/3.20.2/camel-language-3.20.2.jar:/Users/mateoavila/.m2/repository/org/apache/camel/camel-log/3.20.2/camel-log-3.20.2.jar:/Users/mateoavila/.m2/repository/org/apache/camel/camel-mock/3.20.2/camel-mock-3.20.2.jar:/Users/mateoavila/.m2/repository/org/apache/camel/camel-ref/3.20.2/camel-ref-3.20.2.jar:/Users/mateoavila/.m2/repository/org/apache/camel/camel-rest/3.20.2/camel-rest-3.20.2.jar:/Users/mateoavila/.m2/repository/org/apache/camel/camel-tooling-model/3.20.2/camel-tooling-model-3.20.2.jar:/Users/mateoavila/.m2/repository/org/apache/camel/camel-util-json/3.20.2/camel-util-json-3.20.2.jar:/Users/mateoavila/.m2/repository/org/apache/camel/camel-saga/3.20.2/camel-saga-3.20.2.jar:/Users/mateoavila/.m2/repository/org/apache/camel/camel-scheduler/3.20.2/camel-scheduler-3.20.2.jar:/Users/mateoavila/.m2/repository/org/apache/camel/camel-seda/3.20.2/camel-seda-3.20.2.jar:/Users/mateoavila/.m2/repository/org/apache/camel/camel-stub/3.20.2/camel-stub-3.20.2.jar:/Users/mateoavila/.m2/repository/org/apache/camel/camel-timer/3.20.2/camel-timer-3.20.2.jar:/Users/mateoavila/.m2/repository/org/apache/camel/camel-validator/3.20.2/camel-validator-3.20.2.jar:/Users/mateoavila/.m2/repository/org/apache/camel/camel-vm/3.20.2/camel-vm-3.20.2.jar:/Users/mateoavila/.m2/repository/org/apache/camel/camel-xpath/3.20.2/camel-xpath-3.20.2.jar:/Users/mateoavila/.m2/repository/org/apache/camel/camel-xslt/3.20.2/camel-xslt-3.20.2.jar:/Users/mateoavila/.m2/repository/org/apache/camel/camel-xml-jaxb/3.20.2/camel-xml-jaxb-3.20.2.jar:/Users/mateoavila/.m2/repository/jakarta/xml/bind/jakarta.xml.bind-api/2.3.3/jakarta.xml.bind-api-2.3.3.jar:/Users/mateoavila/.m2/repository/jakarta/activation/jakarta.activation-api/1.2.2/jakarta.activation-api-1.2.2.jar:/Users/mateoavila/.m2/repository/com/sun/xml/bind/jaxb-core/2.3.0/jaxb-core-2.3.0.jar:/Users/mateoavila/.m2/repository/com/sun/xml/bind/jaxb-impl/2.3.3/jaxb-impl-2.3.3.jar:/Users/mateoavila/.m2/repository/com/sun/activation/jakarta.activation/1.2.2/jakarta.activation-1.2.2.jar:/Users/mateoavila/.m2/repository/org/apache/camel/camel-xml-jaxp/3.20.2/camel-xml-jaxp-3.20.2.jar:/Users/mateoavila/.m2/repository/org/apache/camel/camel-xml-io-util/3.20.2/camel-xml-io-util-3.20.2.jar:/Users/mateoavila/.m2/repository/org/slf4j/slf4j-api/1.7.36/slf4j-api-1.7.36.jar:/Users/mateoavila/.m2/repository/org/apache/camel/camel-stream/3.20.2/camel-stream-3.20.2.jar:/Users/mateoavila/.m2/repository/org/apache/camel/camel-support/3.20.2/camel-support-3.20.2.jar:/Users/mateoavila/.m2/repository/junit/junit/3.8.1/junit-3.8.1.jar:"/>
    <property name="sun.cpu.endian" value="little"/>
    <property name="user.home" value="/Users/mateoavila"/>
    <property name="user.language" value="es"/>
    <property name="java.specification.vendor" value="Oracle Corporation"/>
    <property name="java.version.date" value="2024-10-15"/>
    <property name="java.home" value="/opt/homebrew/Cellar/openjdk/23.0.1/libexec/openjdk.jdk/Contents/Home"/>
    <property name="file.separator" value="/"/>
    <property name="basedir" value="/Users/mateoavila/hola-mundo-camel"/>
    <property name="java.vm.compressedOopsMode" value="Zero based"/>
    <property name="line.separator" value="&#10;"/>
    <property name="java.vm.specification.vendor" value="Oracle Corporation"/>
    <property name="java.specification.name" value="Java Platform API Specification"/>
    <property name="apple.awt.application.name" value="ForkedBooter"/>
    <property name="surefire.real.class.path" value="/Users/mateoavila/hola-mundo-camel/target/surefire/surefirebooter-20250107200040774_3.jar"/>
    <property name="sun.management.compiler" value="HotSpot 64-Bit Tiered Compilers"/>
    <property name="ftp.nonProxyHosts" value="local|*.local|169.254/16|*.169.254/16"/>
    <property name="java.runtime.version" value="23.0.1"/>
    <property name="user.name" value="mateoavila"/>
    <property name="stdout.encoding" value="UTF-8"/>
    <property name="path.separator" value=":"/>
    <property name="os.version" value="15.2"/>
    <property name="java.runtime.name" value="OpenJDK Runtime Environment"/>
    <property name="file.encoding" value="UTF-8"/>
    <property name="java.vm.name" value="OpenJDK 64-Bit Server VM"/>
    <property name="java.vendor.version" value="Homebrew"/>
    <property name="localRepository" value="/Users/mateoavila/.m2/repository"/>
    <property name="java.vendor.url.bug" value="https://github.com/Homebrew/homebrew-core/issues"/>
    <property name="java.io.tmpdir" value="/var/folders/zz/78f7050d36sbmnt8td14gftc0000gn/T/"/>
    <property name="java.version" value="23.0.1"/>
    <property name="user.dir" value="/Users/mateoavila/hola-mundo-camel"/>
    <property name="os.arch" value="aarch64"/>
    <property name="java.vm.specification.name" value="Java Virtual Machine Specification"/>
    <property name="native.encoding" value="UTF-8"/>
    <property name="java.library.path" value="/Users/mateoavila/Library/Java/Extensions:/Library/Java/Extensions:/Network/Library/Java/Extensions:/System/Library/Java/Extensions:/usr/lib/java:."/>
    <property name="java.vm.info" value="mixed mode, sharing"/>
    <property name="stderr.encoding" value="UTF-8"/>
    <property name="java.vendor" value="Homebrew"/>
    <property name="java.vm.version" value="23.0.1"/>
    <property name="sun.io.unicode.encoding" value="UnicodeBig"/>
    <property name="socksNonProxyHosts" value="local|*.local|169.254/16|*.169.254/16"/>
    <property name="java.class.version" value="67.0"/>
  </properties>
  <testcase name="testApp" classname="com.miempresa.camel.AppTest" time="0.001"/>
</testsuite>